-------------------------------------------------------------------------------
Test set: com.antra.evaluation.reporting_system.APITest
-------------------------------------------------------------------------------
Tests run: 3, Failures: 0, Errors: 1, Skipped: 1, Time elapsed: 0.761 s <<< FAILURE! - in com.antra.evaluation.reporting_system.APITest
testFileDownload  Time elapsed: 0.011 s  <<< ERROR!
java.io.FileNotFoundException: temp.xlsx (No such file or directory)
	at com.antra.evaluation.reporting_system.APITest.testFileDownload(APITest.java:33)

